     1                                  section .data
     2 00000000 48656C6C6F2C20776F-         msg db 'Hello, world!', 0x0a    ; 출력할 문자열 + 줄바꿈
     3 00000009 726C64210A         
     4                                      len equ $ - msg                 ; 문자열 길이 계산
     5                                  
     6                                  section .text
     7                                      global _mystart
     8                                  
     9                                  ; ELF 실행 파일의 헤더에는 Entry Point 주소가 기록되어야함 ld는 기본적으로 _start 심볼을 엔트리 포인트로 사용하지만 _start가 없으면 잘못된 주소를 넣거나 경고를 
    10                                  _mystart:
    11                                      ; write(1, msg, len)
    12 00000000 B804000000                  mov eax, 4      ; 시스템 호출 번호 (sys_write)
    13 00000005 BB01000000                  mov ebx, 1      ; 파일 디스크립터 (stdout)
    14 0000000A B9[00000000]                mov ecx, msg    ; 출력할 문자열 주소
    15 0000000F BA0E000000                  mov edx, len    ; 문자열 길이
    16 00000014 CD80                        int 0x80        ; 커널 호출
    17                                  
    18                                      ; exit(0)
    19 00000016 B801000000                  mov eax, 1      ; 시스템 호출 번호 (sys_exit)
    20 0000001B 31DB                        xor ebx, ebx    ; 반환 코드 0
    21 0000001D CD80                        int 0x80
    22                                  
    23                                  ; 해결 방안 : 1. _start로 바꾸기 / 2. ld과정에서 엔트리 포인트 지정하기
